<?xml version="1.0" encoding="UTF-8"?>
<testsuite xmlns:xsi="http://www.w3.org/2001/XMLSchema-instance" xsi:noNamespaceSchemaLocation="https://maven.apache.org/surefire/maven-surefire-plugin/xsd/surefire-test-report.xsd" name="com.multiplication.challenge.ChallengeEventPublisherTest" time="0.149" tests="2" errors="0" skipped="0" failures="0">
  <properties>
[...]
</properties>
  <testcase name="sendsAttempt{boolean}[1]" classname="com.multiplication.challenge.ChallengeEventPublisherTest" time="0.146"/>
  <testcase name="sendsAttempt{boolean}[2]" classname="com.multiplication.challenge.ChallengeEventPublisherTest" time="0.002"/>
</testsuite>